  Driver.cpp
C:\Users\Conrad\OneDrive\Documents\Bradley\Spring_2022\CS 210\GIT\CS210_HW1\SOLL_ADT\SOLL_ADT.cpp(32,1): error C2440: '=': cannot convert from 'SOLLNode<T> *' to 'T'
          with
          [
              T=char
          ]
C:\Users\Conrad\OneDrive\Documents\Bradley\Spring_2022\CS 210\GIT\CS210_HW1\SOLL_ADT\SOLL_ADT.cpp(32,16): message : There is no context in which this conversion is possible
C:\Users\Conrad\OneDrive\Documents\Bradley\Spring_2022\CS 210\GIT\CS210_HW1\SOLL_ADT\SOLL_ADT.cpp(13): message : while compiling class template member function 'void SOLLADT<char>::insert(T)'
          with
          [
              T=char
          ]
C:\Users\Conrad\OneDrive\Documents\Bradley\Spring_2022\CS 210\GIT\CS210_HW1\SOLL_ADT\Driver.cpp(14): message : see reference to function template instantiation 'void SOLLADT<char>::insert(T)' being compiled
          with
          [
              T=char
          ]
C:\Users\Conrad\OneDrive\Documents\Bradley\Spring_2022\CS 210\GIT\CS210_HW1\SOLL_ADT\Driver.cpp(8): message : see reference to class template instantiation 'SOLLADT<char>' being compiled
  SOLL_ADT.cpp
  Generating Code...
